[    0.000000] Initializing cgroup subsys cpuset
[    0.000000] Initializing cgroup subsys cpu
[    0.000000] Initializing cgroup subsys cpuacct
[    0.000000] Linux version 4.4.0-116-generic (buildd@lgw01-amd64-021) (gcc version 5.4.0 20160609 (Ubuntu 5.4.0-6ubuntu1~16.04.9) ) #140-Ubuntu SMP Mon Feb 12 21:23:04 UTC 2018 (Ubuntu 4.4.0-116.140-generic 4.4.98)
[    0.000000] Command line: BOOT_IMAGE=/boot/vmlinuz-4.4.0-116-generic root=LABEL=cloudimg-rootfs ro console=tty1 console=ttyS0
[    0.000000] KERNEL supported cpus:
[    0.000000]   Intel GenuineIntel
[    0.000000]   AMD AuthenticAMD
[    0.000000]   Centaur CentaurHauls
[    0.000000] x86/fpu: xstate_offset[2]:  576, xstate_sizes[2]:  256
[    0.000000] x86/fpu: Supporting XSAVE feature 0x01: 'x87 floating point registers'
[    0.000000] x86/fpu: Supporting XSAVE feature 0x02: 'SSE registers'
[    0.000000] x86/fpu: Supporting XSAVE feature 0x04: 'AVX registers'
[    0.000000] x86/fpu: Enabled xstate features 0x7, context size is 832 bytes, using 'standard' format.
[    0.000000] x86/fpu: Using 'lazy' FPU context switches.
[    0.000000] e820: BIOS-provided physical RAM map:
[    0.000000] BIOS-e820: [mem 0x0000000000000000-0x000000000009fbff] usable
[    0.000000] BIOS-e820: [mem 0x000000000009fc00-0x000000000009ffff] reserved
[    0.000000] BIOS-e820: [mem 0x00000000000f0000-0x00000000000fffff] reserved
[    0.000000] BIOS-e820: [mem 0x0000000000100000-0x000000007ffeffff] usable
[    0.000000] BIOS-e820: [mem 0x000000007fff0000-0x000000007fffffff] ACPI data
[    0.000000] BIOS-e820: [mem 0x00000000fec00000-0x00000000fec00fff] reserved
[    0.000000] BIOS-e820: [mem 0x00000000fee00000-0x00000000fee00fff] reserved
[    0.000000] BIOS-e820: [mem 0x00000000fffc0000-0x00000000ffffffff] reserved
[    0.000000] NX (Execute Disable) protection: active
[    0.000000] SMBIOS 2.5 present.
[    0.000000] Hypervisor detected: KVM
[    0.000000] e820: last_pfn = 0x7fff0 max_arch_pfn = 0x400000000
[    0.000000] MTRR: Disabled
[    0.000000] x86/PAT: MTRRs disabled, skipping PAT initialization too.
[    0.000000] CPU MTRRs all blank - virtualized system.
[    0.000000] x86/PAT: Configuration [0-7]: WB  WT  UC- UC  WB  WT  UC- UC  
[    0.000000] found SMP MP-table at [mem 0x0009fff0-0x0009ffff] mapped at [ffff88000009fff0]
[    0.000000] Scanning 1 areas for low memory corruption
[    0.000000] RAMDISK: [mem 0x36ac2000-0x37558fff]
[    0.000000] ACPI: Early table checksum verification disabled
[    0.000000] ACPI: RSDP 0x00000000000E0000 000024 (v02 VBOX  )
[    0.000000] ACPI: XSDT 0x000000007FFF0030 00003C (v01 VBOX   VBOXXSDT 00000001 ASL  00000061)
[    0.000000] ACPI: FACP 0x000000007FFF00F0 0000F4 (v04 VBOX   VBOXFACP 00000001 ASL  00000061)
[    0.000000] ACPI: DSDT 0x000000007FFF0470 0021FF (v02 VBOX   VBOXBIOS 00000002 INTL 20100528)
[    0.000000] ACPI: FACS 0x000000007FFF0200 000040
[    0.000000] ACPI: FACS 0x000000007FFF0200 000040
[    0.000000] ACPI: APIC 0x000000007FFF0240 00005C (v02 VBOX   VBOXAPIC 00000001 ASL  00000061)
[    0.000000] ACPI: SSDT 0x000000007FFF02A0 0001CC (v01 VBOX   VBOXCPUT 00000002 INTL 20100528)
[    0.000000] No NUMA configuration found
[    0.000000] Faking a node at [mem 0x0000000000000000-0x000000007ffeffff]
[    0.000000] NODE_DATA(0) allocated [mem 0x7ffeb000-0x7ffeffff]
[    0.000000] kvm-clock: Using msrs 4b564d01 and 4b564d00
[    0.000000] kvm-clock: cpu 0, msr 0:7ffe3001, primary cpu clock
[    0.000000] kvm-clock: using sched offset of 3096991878 cycles
[    0.000000] clocksource: kvm-clock: mask: 0xffffffffffffffff max_cycles: 0x1cd42e4dffb, max_idle_ns: 881590591483 ns
[    0.000000] Zone ranges:
[    0.000000]   DMA      [mem 0x0000000000001000-0x0000000000ffffff]
[    0.000000]   DMA32    [mem 0x0000000001000000-0x000000007ffeffff]
[    0.000000]   Normal   empty
[    0.000000]   Device   empty
[    0.000000] Movable zone start for each node
[    0.000000] Early memory node ranges
[    0.000000]   node   0: [mem 0x0000000000001000-0x000000000009efff]
[    0.000000]   node   0: [mem 0x0000000000100000-0x000000007ffeffff]
[    0.000000] Initmem setup node 0 [mem 0x0000000000001000-0x000000007ffeffff]
[    0.000000] ACPI: PM-Timer IO Port: 0x4008
[    0.000000] IOAPIC[0]: apic_id 2, version 32, address 0xfec00000, GSI 0-23
[    0.000000] ACPI: INT_SRC_OVR (bus 0 bus_irq 0 global_irq 2 dfl dfl)
[    0.000000] ACPI: INT_SRC_OVR (bus 0 bus_irq 9 global_irq 9 high level)
[    0.000000] Using ACPI (MADT) for SMP configuration information
[    0.000000] smpboot: Allowing 2 CPUs, 0 hotplug CPUs
[    0.000000] PM: Registered nosave memory: [mem 0x00000000-0x00000fff]
[    0.000000] PM: Registered nosave memory: [mem 0x0009f000-0x0009ffff]
[    0.000000] PM: Registered nosave memory: [mem 0x000a0000-0x000effff]
[    0.000000] PM: Registered nosave memory: [mem 0x000f0000-0x000fffff]
[    0.000000] e820: [mem 0x80000000-0xfebfffff] available for PCI devices
[    0.000000] Booting paravirtualized kernel on KVM
[    0.000000] clocksource: refined-jiffies: mask: 0xffffffff max_cycles: 0xffffffff, max_idle_ns: 7645519600211568 ns
[    0.000000] setup_percpu: NR_CPUS:512 nr_cpumask_bits:512 nr_cpu_ids:2 nr_node_ids:1
[    0.000000] PERCPU: Embedded 34 pages/cpu @ffff88007fc00000 s99544 r8192 d31528 u1048576
[    0.000000] PV qspinlock hash table entries: 256 (order: 0, 4096 bytes)
[    0.000000] Built 1 zonelists in Node order, mobility grouping on.  Total pages: 515961
[    0.000000] Policy zone: DMA32
[    0.000000] Kernel command line: BOOT_IMAGE=/boot/vmlinuz-4.4.0-116-generic root=LABEL=cloudimg-rootfs ro console=tty1 console=ttyS0
[    0.000000] PID hash table entries: 4096 (order: 3, 32768 bytes)
[    0.000000] Memory: 2033880K/2096696K available (8530K kernel code, 1309K rwdata, 3992K rodata, 1508K init, 1316K bss, 62816K reserved, 0K cma-reserved)
[    0.000000] SLUB: HWalign=64, Order=0-3, MinObjects=0, CPUs=2, Nodes=1
[    0.000000] Kernel/User page tables isolation: enabled
[    0.000000] Hierarchical RCU implementation.
[    0.000000] 	Build-time adjustment of leaf fanout to 64.
[    0.000000] 	RCU restricting CPUs from NR_CPUS=512 to nr_cpu_ids=2.
[    0.000000] RCU: Adjusting geometry for rcu_fanout_leaf=64, nr_cpu_ids=2
[    0.000000] NR_IRQS:33024 nr_irqs:440 16
[    0.000000] Console: colour VGA+ 80x25
[    0.000000] console [tty1] enabled
[    0.000000] console [ttyS0] enabled
[    0.000000] tsc: Detected 3292.524 MHz processor
[    1.480195] Calibrating delay loop (skipped) preset value.. 6585.04 BogoMIPS (lpj=13170096)
[    1.481763] pid_max: default: 32768 minimum: 301
[    1.482602] ACPI: Core revision 20150930
[    1.484263] ACPI: 2 ACPI AML tables successfully acquired and loaded
[    1.485499] Security Framework initialized
[    1.486271] Yama: becoming mindful.
[    1.486996] AppArmor: AppArmor initialized
[    1.488408] Dentry cache hash table entries: 262144 (order: 9, 2097152 bytes)
[    1.498701] Inode-cache hash table entries: 131072 (order: 8, 1048576 bytes)
[    1.508757] Mount-cache hash table entries: 4096 (order: 3, 32768 bytes)
[    1.516886] Mountpoint-cache hash table entries: 4096 (order: 3, 32768 bytes)
[    1.518206] Initializing cgroup subsys io
[    1.518983] Initializing cgroup subsys memory
[    1.519822] Initializing cgroup subsys devices
[    1.520647] Initializing cgroup subsys freezer
[    1.521466] Initializing cgroup subsys net_cls
[    1.522290] Initializing cgroup subsys perf_event
[    1.523143] Initializing cgroup subsys net_prio
[    1.524015] Initializing cgroup subsys hugetlb
[    1.524837] Initializing cgroup subsys pids
[    1.525696] CPU: Physical Processor ID: 0
[    1.526457] CPU: Processor Core ID: 0
[    1.527187] FEATURE SPEC_CTRL Not Present
[    1.528001] mce: CPU supports 0 MCE banks
[    1.531718] Last level iTLB entries: 4KB 512, 2MB 8, 4MB 8
[    1.532668] Last level dTLB entries: 4KB 512, 2MB 32, 4MB 32, 1GB 0
[    1.533720] Spectre V2 mitigation: Mitigation: Full generic retpoline
[    1.534795] Spectre V2 mitigation: Speculation control IBPB not-supported IBRS not-supported
[    1.547582] Freeing SMP alternatives memory: 32K
[    1.632711] ftrace: allocating 32186 entries in 126 pages
[    1.773514] smpboot: APIC(0) Converting physical 0 to logical package 0
[    1.873151] smpboot: Max logical packages: 1
[    1.878133] x2apic enabled
[    1.878945] Switched APIC routing to physical x2apic.
[    1.880950] ..TIMER: vector=0x30 apic1=0 pin1=2 apic2=-1 pin2=-1
[    1.987993] smpboot: CPU0: Intel(R) Core(TM) i3-3220 CPU @ 3.30GHz (family: 0x6, model: 0x3a, stepping: 0x9)
[    1.996626] Performance Events: unsupported p6 CPU model 58 no PMU driver, software events only.
[    1.998333] KVM setup paravirtual spinlock
[    2.000395] x86: Booting SMP configuration:
[    2.068429] .... node  #0, CPUs:      #1
[    2.142909] kvm-clock: cpu 1, msr 0:7ffe3041, secondary cpu clock
[    2.143977] mce: CPU supports 0 MCE banks
[    2.146634] x86: Booted up 1 node, 2 CPUs
[    2.216197] smpboot: Total of 2 processors activated (13170.09 BogoMIPS)
[    2.256139] devtmpfs: initialized
[    2.323306] evm: security.selinux
[    2.362055] evm: security.SMACK64
[    2.363269] evm: security.SMACK64EXEC
[    2.370972] evm: security.SMACK64TRANSMUTE
[    2.371936] evm: security.SMACK64MMAP
[    2.372806] evm: security.ima
[    2.373630] evm: security.capability
[    2.374919] clocksource: jiffies: mask: 0xffffffff max_cycles: 0xffffffff, max_idle_ns: 7645041785100000 ns
[    2.385717] futex hash table entries: 512 (order: 3, 32768 bytes)
[    2.387343] pinctrl core: initialized pinctrl subsystem
[    2.403500] RTC time:  1:01:57, date: 03/20/18
[    2.422280] NET: Registered protocol family 16
[    2.441524] cpuidle: using governor ladder
[    2.464890] cpuidle: using governor menu
[    2.476448] PCCT header not found.
[    2.480342] ACPI: bus type PCI registered
[    2.482540] acpiphp: ACPI Hot Plug PCI Controller Driver version: 0.5
[    2.484248] PCI: Using configuration type 1 for base access
[    2.501719] ACPI: Added _OSI(Module Device)
[    2.548180] ACPI: Added _OSI(Processor Device)
[    2.623472] ACPI: Added _OSI(3.0 _SCP Extensions)
[    2.628241] ACPI: Added _OSI(Processor Aggregator Device)
[    2.629877] ACPI: Executed 1 blocks of module-level executable AML code
[    2.706261] ACPI: Interpreter enabled
[    2.713111] ACPI: (supports S0 S5)
[    2.720597] ACPI: Using IOAPIC for interrupt routing
[    2.753311] PCI: Using host bridge windows from ACPI; if necessary, use "pci=nocrs" and report a bug
[    2.773910] ACPI: PCI Root Bridge [PCI0] (domain 0000 [bus 00-ff])
[    2.816107] acpi PNP0A03:00: _OSC: OS supports [ASPM ClockPM Segments MSI]
[    2.870950] acpi PNP0A03:00: _OSC: not requesting OS control; OS requires [ExtendedConfig ASPM ClockPM MSI]
[    2.918064] acpi PNP0A03:00: fail to add MMCONFIG information, can't access extended PCI configuration space under this bridge.
[    3.026692] PCI host bridge to bus 0000:00
[    3.074294] pci_bus 0000:00: root bus resource [io  0x0000-0x0cf7 window]
[    3.075788] pci_bus 0000:00: root bus resource [io  0x0d00-0xffff window]
[    3.087956] pci_bus 0000:00: root bus resource [mem 0x000a0000-0x000bffff window]
[    3.140371] pci_bus 0000:00: root bus resource [mem 0x80000000-0xffdfffff window]
[    3.185946] pci_bus 0000:00: root bus resource [bus 00-ff]
[    3.210082] pci 0000:00:01.1: legacy IDE quirk: reg 0x10: [io  0x01f0-0x01f7]
[    3.243364] pci 0000:00:01.1: legacy IDE quirk: reg 0x14: [io  0x03f6]
[    3.277502] pci 0000:00:01.1: legacy IDE quirk: reg 0x18: [io  0x0170-0x0177]
[    3.312542] pci 0000:00:01.1: legacy IDE quirk: reg 0x1c: [io  0x0376]
[    3.353937] pci 0000:00:07.0: quirk: [io  0x4000-0x403f] claimed by PIIX4 ACPI
[    3.400476] pci 0000:00:07.0: quirk: [io  0x4100-0x410f] claimed by PIIX4 SMB
[    3.456787] ACPI: PCI Interrupt Link [LNKA] (IRQs 5 9 10 *11)
[    3.504873] ACPI: PCI Interrupt Link [LNKB] (IRQs 5 9 10 *11)
[    3.519824] ACPI: PCI Interrupt Link [LNKC] (IRQs 5 9 *10 11)
[    3.553757] ACPI: PCI Interrupt Link [LNKD] (IRQs 5 *9 10 11)
[    3.573160] ACPI: Enabled 2 GPEs in block 00 to 07
[    3.615289] vgaarb: setting as boot device: PCI:0000:00:02.0
[    3.616273] vgaarb: device added: PCI:0000:00:02.0,decodes=io+mem,owns=io+mem,locks=none
[    3.617861] vgaarb: loaded
[    3.618456] vgaarb: bridge control possible 0000:00:02.0
[    3.619650] SCSI subsystem initialized
[    3.632008] ACPI: bus type USB registered
[    3.632821] usbcore: registered new interface driver usbfs
[    3.633792] usbcore: registered new interface driver hub
[    3.634738] usbcore: registered new device driver usb
[    3.635843] PCI: Using ACPI for IRQ routing
[    3.655415] NetLabel: Initializing
[    3.656103] NetLabel:  domain hash size = 128
[    3.680965] NetLabel:  protocols = UNLABELED CIPSOv4
[    3.763600] NetLabel:  unlabeled traffic allowed by default
[    3.809055] amd_nb: Cannot enumerate AMD northbridges
[    3.841897] clocksource: Switched to clocksource kvm-clock
[    3.849545] AppArmor: AppArmor Filesystem Enabled
[    3.931023] pnp: PnP ACPI init
[    3.972808] pnp: PnP ACPI: found 3 devices
[    4.010080] clocksource: acpi_pm: mask: 0xffffff max_cycles: 0xffffff, max_idle_ns: 2085701024 ns
[    4.061861] NET: Registered protocol family 2
[    4.063045] TCP established hash table entries: 16384 (order: 5, 131072 bytes)
[    4.066618] TCP bind hash table entries: 16384 (order: 6, 262144 bytes)
[    4.093261] TCP: Hash tables configured (established 16384 bind 16384)
[    4.138608] UDP hash table entries: 1024 (order: 3, 32768 bytes)
[    4.180395] UDP-Lite hash table entries: 1024 (order: 3, 32768 bytes)
[    4.181859] NET: Registered protocol family 1
[    4.183115] pci 0000:00:00.0: Limiting direct PCI/PCI transfers
[    4.184683] pci 0000:00:01.0: Activating ISA DMA hang workarounds
[    4.186151] Unpacking initramfs...
[    5.890223] Freeing initrd memory: 10844K
[    5.904095] RAPL PMU detected, API unit is 2^-32 Joules, 3 fixed counters 10737418240 ms ovfl timer
[    5.929913] hw unit of domain pp0-core 2^-0 Joules
[    5.934842] hw unit of domain package 2^-0 Joules
[    5.936304] hw unit of domain pp1-gpu 2^-0 Joules
[    5.945878] platform rtc_cmos: registered platform RTC device (no PNP device found)
[    5.981414] Scanning for low memory corruption every 60 seconds
[    5.982894] audit: initializing netlink subsys (disabled)
[    5.985512] audit: type=2000 audit(1521507722.090:1): initialized
[    5.986971] Initialise system trusted keyring
[    5.987974] HugeTLB registered 2 MB page size, pre-allocated 0 pages
[    5.991784] zbud: loaded
[    5.992681] VFS: Disk quotas dquot_6.6.0
[    5.993472] VFS: Dquot-cache hash table entries: 512 (order 0, 4096 bytes)
[    6.014646] squashfs: version 4.0 (2009/01/31) Phillip Lougher
[    6.025432] fuse init (API version 7.23)
[    6.048094] Key type big_key registered
[    6.122683] Allocating IMA MOK and blacklist keyrings.
[    6.187998] Key type asymmetric registered
[    6.197705] Asymmetric key parser 'x509' registered
[    6.206741] Block layer SCSI generic (bsg) driver version 0.4 loaded (major 249)
[    6.210301] io scheduler noop registered
[    6.225517] io scheduler deadline registered (default)
[    6.226776] io scheduler cfq registered
[    6.227818] pci_hotplug: PCI Hot Plug PCI Core version: 0.5
[    6.229082] pciehp: PCI Express Hot Plug Controller Driver version: 0.4
[    6.230599] ACPI: AC Adapter [AC] (on-line)
[    6.231440] input: Power Button as /devices/LNXSYSTM:00/LNXPWRBN:00/input/input0
[    6.232847] ACPI: Power Button [PWRF]
[    6.233648] input: Sleep Button as /devices/LNXSYSTM:00/LNXSLPBN:00/input/input1
[    6.235113] ACPI: Sleep Button [SLPF]
[    6.236075] GHES: HEST is not enabled!
[    6.236910] Serial: 8250/16550 driver, 32 ports, IRQ sharing enabled
[    6.260391] 00:02: ttyS0 at I/O 0x3f8 (irq = 4, base_baud = 115200) is a 16550A
[    6.278409] Linux agpgart interface v0.103
[    6.282095] loop: module loaded
[    6.292295] scsi host0: ata_piix
[    6.309790] scsi host1: ata_piix
[    6.311775] ata1: PATA max UDMA/33 cmd 0x1f0 ctl 0x3f6 bmdma 0xd000 irq 14
[    6.319936] ata2: PATA max UDMA/33 cmd 0x170 ctl 0x376 bmdma 0xd008 irq 15
[    6.321801] libphy: Fixed MDIO Bus: probed
[    6.322903] tun: Universal TUN/TAP device driver, 1.6
[    6.326119] tun: (C) 1999-2004 Max Krasnyansky <maxk@qualcomm.com>
[    6.327288] PPP generic driver version 2.4.2
[    6.328159] ehci_hcd: USB 2.0 'Enhanced' Host Controller (EHCI) Driver
[    6.329261] ehci-pci: EHCI PCI platform driver
[    6.330142] ehci-platform: EHCI generic platform driver
[    6.421438] ohci_hcd: USB 1.1 'Open' Host Controller (OHCI) Driver
[    6.439957] ohci-pci: OHCI PCI platform driver
[    6.472212] ohci-platform: OHCI generic platform driver
[    6.479136] uhci_hcd: USB Universal Host Controller Interface driver
[    6.482425] i8042: PNP: PS/2 Controller [PNP0303:PS2K,PNP0f03:PS2M] at 0x60,0x64 irq 1,12
[    6.508677] serio: i8042 KBD port at 0x60,0x64 irq 1
[    6.550290] serio: i8042 AUX port at 0x60,0x64 irq 12
[    6.573639] mousedev: PS/2 mouse device common for all mice
[    6.608205] rtc_cmos rtc_cmos: rtc core: registered rtc_cmos as rtc0
[    6.640080] rtc_cmos rtc_cmos: alarms up to one day, 114 bytes nvram
[    6.705683] i2c /dev entries driver
[    6.764083] input: AT Translated Set 2 keyboard as /devices/platform/i8042/serio0/input/input2
[    6.764084] device-mapper: uevent: version 1.0.3
[    6.785138] device-mapper: ioctl: 4.34.0-ioctl (2015-10-28) initialised: dm-devel@redhat.com
[    6.807917] ledtrig-cpu: registered to indicate activity on CPUs
[    6.840036] NET: Registered protocol family 10
[    6.843271] NET: Registered protocol family 17
[    6.871940] Key type dns_resolver registered
[    6.873003] microcode: CPU0 sig=0x306a9, pf=0x2, revision=0x19
[    6.874048] microcode: CPU1 sig=0x306a9, pf=0x2, revision=0x19
[    6.875409] microcode: Microcode Update Driver: v2.01 <tigran@aivazian.fsnet.co.uk>, Peter Oruba
[    6.941916] registered taskstats version 1
[    6.941921] tsc: Refined TSC clocksource calibration: 3291.077 MHz
[    6.941923] clocksource: tsc: mask: 0xffffffffffffffff max_cycles: 0x2f705f4a2f5, max_idle_ns: 440795340419 ns
[    7.096966] Loading compiled-in X.509 certificates
[    7.100619] Loaded X.509 cert 'Build time autogenerated kernel key: aa84f01984fbd529c105810b59e379d349698248'
[    7.111518] zswap: loaded using pool lzo/zbud
[    7.114294] Key type trusted registered
[    7.144221] Key type encrypted registered
[    7.162818] AppArmor: AppArmor sha1 policy hashing enabled
[    7.164175] ima: No TPM chip found, activating TPM-bypass!
[    7.179630] evm: HMAC attrs: 0x1
[    7.197925]   Magic number: 10:547:3
[    7.205101] rtc_cmos rtc_cmos: setting system clock to 2018-03-20 01:02:02 UTC (1521507722)
[    7.220840] BIOS EDD facility v0.16 2004-Jun-25, 0 devices found
[    7.222018] EDD information not available.
[    7.224040] Freeing unused kernel memory: 1508K
[    7.242537] Write protecting the kernel read-only data: 14336k
[    7.243939] Freeing unused kernel memory: 1700K
[    7.247362] Freeing unused kernel memory: 104K
Loading, please [    7.260666] random: systemd-udevd: uninitialized urandom read (16 bytes read, 2 bits of entropy available)
wait...
starting version 229
[    7.261354] random: udevadm: uninitialized urandom read (16 bytes read, 2 bits of entropy available)
[    7.261378] random: udevadm: uninitialized urandom read (16 bytes read, 2 bits of entropy available)
[    7.272031] random: udevadm: uninitialized urandom read (16 bytes read, 2 bits of entropy available)
[    7.272142] random: udevadm: uninitialized urandom read (16 bytes read, 2 bits of entropy available)
[    7.272315] random: udevadm: uninitialized urandom read (16 bytes read, 2 bits of entropy available)
[    7.272378] random: udevadm: uninitialized urandom read (16 bytes read, 2 bits of entropy available)
[    7.272442] random: udevadm: uninitialized urandom read (16 bytes read, 2 bits of entropy available)
[    7.272504] random: udevadm: uninitialized urandom read (16 bytes read, 2 bits of entropy available)
[    7.272565] random: udevadm: uninitialized urandom read (16 bytes read, 2 bits of entropy available)
[    7.841005] e1000: Intel(R) PRO/1000 Network Driver - version 7.3.21-k8-NAPI
[    7.843830] e1000: Copyright (c) 1999-2006 Intel Corporation.
[    7.858914] Fusion MPT base driver 3.04.20
[    7.866112] Copyright (c) 1999-2008 LSI Corporation
[    7.882238] Fusion MPT SPI Host driver 3.04.20
[    8.077207] input: ImExPS/2 Generic Explorer Mouse as /devices/platform/i8042/serio1/input/input4
[    8.219323] e1000 0000:00:03.0 eth0: (PCI:33MHz:32-bit) 02:b2:c2:84:5d:d0
[    8.257903] e1000 0000:00:03.0 eth0: Intel(R) PRO/1000 Network Connection
[    8.618141] e1000 0000:00:08.0 eth1: (PCI:33MHz:32-bit) 08:00:27:77:b6:8d
[    8.659014] e1000 0000:00:08.0 eth1: Intel(R) PRO/1000 Network Connection
[    8.724058] mptbase: ioc0: Initiating bringup
[    8.725193] e1000 0000:00:08.0 enp0s8: renamed from eth1
[    8.742339] e1000 0000:00:03.0 enp0s3: renamed from eth0
[    8.823078] ioc0: LSI53C1030 A0: Capabilities={Initiator}
[    9.020369] scsi host2: ioc0: LSI53C1030 A0, FwRev=00000000h, Ports=1, MaxQ=256, IRQ=20
[    9.191613] scsi 2:0:0:0: Direct-Access     VBOX     HARDDISK         1.0  PQ: 0 ANSI: 5
[    9.229711] scsi target2:0:0: Beginning Domain Validation
[    9.286564] scsi target2:0:0: Domain Validation skipping write tests
[    9.324615] scsi target2:0:0: Ending Domain Validation
[    9.336148] scsi target2:0:0: asynchronous
[    9.345514] scsi 2:0:1:0: Direct-Access     VBOX     HARDDISK         1.0  PQ: 0 ANSI: 5
[    9.376727] scsi target2:0:1: Beginning Domain Validation
[    9.379131] scsi target2:0:1: Domain Validation skipping write tests
[    9.383533] scsi target2:0:1: Ending Domain Validation
[    9.405676] scsi target2:0:1: asynchronous
[    9.423386] sd 2:0:0:0: [sda] 20971520 512-byte logical blocks: (10.7 GB/10.0 GiB)
[    9.432272] sd 2:0:0:0: Attached scsi generic sg0 type 0
[    9.438332] sd 2:0:0:0: [sda] Write Protect is off
[    9.441408] sd 2:0:0:0: [sda] Incomplete mode parameter data
[    9.446627] sd 2:0:1:0: Attached scsi generic sg1 type 0
[    9.451807] sd 2:0:0:0: [sda] Assuming drive cache: write through
[    9.453006] sd 2:0:1:0: [sdb] 20480 512-byte logical blocks: (10.5 MB/10.0 MiB)
[    9.458662] sd 2:0:1:0: [sdb] Write Protect is off
[    9.459277]  sda: sda1
[    9.459914] sd 2:0:0:0: [sda] Attached SCSI disk
[    9.469585] sd 2:0:1:0: [sdb] Incomplete mode parameter data
[    9.470612] sd 2:0:1:0: [sdb] Assuming drive cache: write through
[    9.474239] sd 2:0:1:0: [sdb] Attached SCSI disk
[   10.866204] floppy0: no floppy controllers found
Begin: Loading essential drivers ... [   12.278377] md: linear personality registered for level -1
[   12.288119] md: multipath personality registered for level -4
[   12.295639] md: raid0 personality registered for level 0
[   12.306684] md: raid1 personality registered for level 1
[   12.390087] raid6: sse2x1   gen()  8112 MB/s
[   12.461926] raid6: sse2x1   xor()  7104 MB/s
[   12.549923] raid6: sse2x2   gen() 11041 MB/s
[   12.657967] raid6: sse2x2   xor()  7709 MB/s
[   12.765939] raid6: sse2x4   gen() 12651 MB/s
[   12.877973] raid6: sse2x4   xor()  7938 MB/s
[   12.902248] raid6: using algorithm sse2x4 gen() 12651 MB/s
[   12.943396] raid6: .... xor() 7938 MB/s, rmw enabled
[   12.963812] raid6: using ssse3x2 recovery algorithm
[   13.048283] xor: automatically using best checksumming function:
[   13.174581]    avx       : 20645.000 MB/sec
[   13.231314] async_tx: api initialized (async)
[   13.242651] md: raid6 personality registered for level 6
[   13.294675] md: raid5 personality registered for level 5
[   13.299700] md: raid4 personality registered for level 4
[   13.308476] md: raid10 personality registered for level 10
done.
Begin: Running /scripts/init-premount ... done.
Begin: Mounting root file system ... Begin: Running /scripts/local-top ... done.
Begin: Running /scripts/local-premount ... [   13.345371] Btrfs loaded
Scanning for Btrfs filesystems
done.
Warning: fsck no[   13.391112] EXT4-fs (sda1): mounted filesystem with ordered data mode. Opts: (null)
t present, so skipping root file system
done.
Begin: Running /scripts/local-bottom ... done.
Begin: Running /scripts/init-bottom ... done.
[   13.545166] systemd[1]: systemd 229 running in system mode. (+PAM +AUDIT +SELINUX +IMA +APPARMOR +SMACK +SYSVINIT +UTMP +LIBCRYPTSETUP +GCRYPT +GNUTLS +ACL +XZ -LZ4 +SECCOMP +BLKID +ELFUTILS +KMOD -IDN)
[   13.689035] systemd[1]: Detected virtualization oracle.
[   13.691578] systemd[1]: Detected architecture x86-64.

Welcome to [1mUbuntu 16.04.4 LTS[0m!

[   13.715638] systemd[1]: Set hostname to <ReactLumen>.
[   13.906164] systemd[1]: Listening on Journal Audit Socket.
[[0;32m  OK  [0m] Listening on Journal Audit Socket.
[   13.990497] systemd[1]: Created slice User and Session Slice.
[[0;32m  OK  [0m] Created slice User and Session Slice.
[   14.058330] systemd[1]: Listening on udev Control Socket.
[[0;32m  OK  [0m] Listening on udev Control Socket.
[   14.186851] systemd[1]: Started Trigger resolvconf update for networkd DNS.
[[0;32m  OK  [0m] Started Trigger resolvconf update for networkd DNS.
[   14.278762] systemd[1]: Set up automount Arbitrary Executable File Formats File System Automount Point.
[[0;32m  OK  [0m] Set up automount Arbitrary Executab...ats File System Automount Point.
[   14.379802] systemd[1]: Listening on /dev/initctl Compatibility Named Pipe.
[[0;32m  OK  [0m] Listening on /dev/initctl Compatibility Named Pipe.
[   14.426614] systemd[1]: Listening on Journal Socket.
[[0;32m  OK  [0m] Listening on Journal Socket.
[   14.494883] systemd[1]: Listening on LVM2 metadata daemon socket.
[[0;32m  OK  [0m] Listening on LVM2 metadata daemon socket.
[   14.618232] systemd[1]: Reached target User and Group Name Lookups.
[[0;32m  OK  [0m] Reached target User and Group Name Lookups.
[   14.707453] systemd[1]: Started Forward Password Requests to Wall Directory Watch.
[[0;32m  OK  [0m] Started Forward Password Requests to Wall Directory Watch.
[   14.846884] systemd[1]: Listening on Device-mapper event daemon FIFOs.
[[0;32m  OK  [0m] Listening on Device-mapper event daemon FIFOs.
[   14.979289] systemd[1]: Reached target Swap.
[[0;32m  OK  [0m] Reached target Swap.
[   15.054164] systemd[1]: Reached target Encrypted Volumes.
[[0;32m  OK  [0m] Reached target Encrypted Volumes.
[   15.210353] systemd[1]: Listening on LVM2 poll daemon socket.
[[0;32m  OK  [0m] Listening on LVM2 poll daemon socket.
[   15.270813] systemd[1]: Created slice System Slice.
[[0;32m  OK  [0m] Created slice System Slice.
[   15.425227] systemd[1]: Reached target Slices.
[[0;32m  OK  [0m] Reached target Slices.
[   15.478896] systemd[1]: Starting Remount Root and Kernel File Systems...
         Starting Remount Root and Kernel File Systems...
[   15.498298] EXT4-fs (sda1): re-mounted. Opts: (null)
[   15.520490] systemd[1]: Mounting Huge Pages File System...
         Mounting Huge Pages File System...
[   15.614822] systemd[1]: Mounting POSIX Message Queue File System...
         Mounting POSIX Message Queue File System...
[   15.698766] systemd[1]: Starting Monitoring of LVM2 mirrors, snapshots etc. using dmeventd or progress polling...
         Starting Monitoring of LVM2 mirrors... dmeventd or progress polling...
[   15.818431] systemd[1]: Starting Create list of required static device nodes for the current kernel...
         Starting Create list of required st... nodes for the current kernel...
[   15.958966] systemd[1]: Mounting Debug File System...
         Mounting Debug File System...
[   16.026273] systemd[1]: Starting Load Kernel Modules...
         Startin[   16.038569] Loading iSCSI transport class v2.0-870.
g Load Kernel Mo[   16.108900] iscsi: registered transport (tcp)
dules...
[   16.186429] systemd[1]: Listening on Journal Socket (/dev/log).
[[0;32m  OK  [0m] Listening on[   16.268803] iscsi: registered transport (iser)
 Journal Socket (/dev/log).
[   16.418867] systemd[1]: Listening on Syslog Socket.
[[0;32m  OK  [0m] Listening on Syslog Socket.
[   16.582165] systemd[1]: Starting Journal Service...
[   16.582888] random: nonblocking pool is initialized
         Starting Journal Service...
[   16.638352] systemd[1]: Starting Set console keymap...
         Starting Set console keymap...
[   16.730320] systemd[1]: Listening on udev Kernel Socket.
[[0;32m  OK  [0m] Listening on udev Kernel Socket.
[   16.806289] systemd[1]: Starting Uncomplicated firewall...
         Starting Uncomplicated firewall...
[   16.874790] systemd[1]: Starting Nameserver information manager...
         Starting Nameserver information manager...
[   17.009690] systemd[1]: Created slice system-serial\x2dgetty.slice.
[[0;32m  OK  [0m] Created slice system-serial\x2dgetty.slice.
[   17.116597] systemd[1]: Mounted Debug File System.
[[0;32m  OK  [0m] Mounted Debug File System.
[   17.159285] systemd[1]: Mounted POSIX Message Queue File System.
[[0;32m  OK  [0m] Mounted POSIX Message Queue File System.
[   17.206909] systemd[1]: Mounted Huge Pages File System.
[[0;32m  OK  [0m] Mounted Huge Pages File System.
[   17.322950] systemd[1]: Started Journal Service.
[[0;32m  OK  [0m] Started Journal Service.
[[0;32m  OK  [0m] Started Remount Root and Kernel File Systems.
[[0;32m  OK  [0m] Started Create list of required sta...ce nodes for the current kernel.
[[0;32m  OK  [0m] Started Load Kernel Modules.
[[0;32m  OK  [0m] Started Set console keymap.
[[0;32m  OK  [0m] Started Uncomplicated firewall.
[[0;32m  OK  [0m] Started Nameserver information manager.
[[0;32m  OK  [0m] Started LVM2 metadata daemon.
         Mounting FUSE Control File System...
         Starting Apply Kernel Variables...
         Starting Create Static Device Nodes in /dev...
         Starting udev Coldplug all Devices...
         Starting Initial cloud-init job (pre-networking)...
         Starting Load/Save Random Seed...
         Starting Flush Journal to Persistent Storage...
[[0;32m  OK  [0m] Mounted FUSE Control File System.
[[0;32m  OK  [0m] Started Apply Kernel Variables.
[[0;32m  OK  [0m] Started Create Static Device Nodes in /dev.
[[0;32m  OK  [0m] Started Load/Save Random Seed.
         Starting udev Kernel Device Manager...
[[0;32m  OK  [0m] Started Flush Journal to Persistent Storage.
[[0;32m  OK  [0m] Started udev Coldplug all Devices.
[[0;32m  OK  [0m] Started udev Kernel Device Manager.
[[0;32m  OK  [0m] Started Dispatch Password Requests to Console Directory Watch.
[[0;32m  OK  [0m] Found device /dev/ttyS0.
[[0;32m  OK  [0m] Started Monitoring of LVM2 mirrors,...ng dmeventd or progress polling.
[[0;32m  OK  [0m] Reached target Local File Systems (Pre).
[[0;32m  OK  [0m] Reached target Local File Systems.
         Starting Create Volatile Files and Directories...
         Starting LSB: AppArmor initialization...
         Starting Set console font and keymap...
         Starting Tell Plymouth To Write Out Runtime Data...
[[0;32m  OK  [0m] Started Create Volatile Files and Directories.
[[0;32m  OK  [0m] Started Tell Plymouth To Write Out Runtime Data.
         Starting Update UTMP about System Boot/Shutdown...
[[0;32m  OK  [0m] Reached target System Time Synchronized.
[[0;32m  OK  [0m] Started Update UTMP about System Boot/Shutdown.
[[0;32m  OK  [0m] Listening on Load/Save RF Kill Switch Status /dev/rfkill Watch.
[[0;32m  OK  [0m] Started LSB: AppArmor initialization.
[[0;32m  OK  [0m] Found device 82540EM Gigabit Ethern...r (PRO/1000 MT Desktop Adapter).
[[0;32m  OK  [0m] Found device 82540EM Gigabit Ethern...r (PRO/1000 MT Desktop Adapter).
[[0;32m  OK  [0m] Started Set console font and keymap.
[[0;32m  OK  [0m] Created slice system-getty.slice.
[   15.719285] cloud-init[435]: Cloud-init v. 17.2 running 'init-local' at Tue, 20 Mar 2018 01:02:14 +0000. Up 15.35 seconds.
[[0;32m  OK  [0m] Started Initial cloud-init job (pre-networking).
[[0;32m  OK  [0m] Reached target Network (Pre).
[[0;32m  OK  [0m] Started ifup for enp0s8.
[[0;32m  OK  [0m] Started ifup for enp0s3.
         Starting Raise network interfaces...
[[0;32m  OK  [0m] Started Raise network interfaces.
         Starting Initial cloud-init job (metadata service crawler)...
[[0;32m  OK  [0m] Reached target Network.
[   18.461399] cloud-init[1045]: Cloud-init v. 17.2 running 'init' at Tue, 20 Mar 2018 01:02:16 +0000. Up 18.15 seconds.
[   18.493446] cloud-init[1045]: ci-info: ++++++++++++++++++++++++++++++++++++++Net device info++++++++++++++++++++++++++++++++++++++
[   18.562770] [cloud-init[0;32m  OK  [0m[1045]: ] ci-info: +--------+------+-----------------------------+---------------+-------+-------------------+Started Initial cloud-init job (metadata service crawler).

[   18.563768] cloud-init[1045]: ci-info: | Device |  Up  |           Address           |      Mask     | Scope |     Hw-Address    |
[   18.701878] [cloud-init[0;32m  OK  [0m[1045]: ] ci-info: +--------+------+-----------------------------+---------------+-------+-------------------+Reached target Network is Online.

[   18.702474] cloud-init[1045]: ci-info: | enp0s3 | True |          10.0.2.15          | 255.255.255.0 |   .   | 02:b2:c2:84:5d:d0 |
[   18.965127]          cloud-initStarting iSCSI initiator daemon (iscsid)...[1045]: 
ci-info: | enp0s3 | True |  fe80::b2:c2ff:fe84:5dd0/64 |       .       |  link | 02:b2:c2:84:5d:d0 |
[   19.140477] [cloud-init[0;32m  OK  [0m[1045]: ] ci-info: | enp0s8 | True |        192.168.56.11        | 255.255.255.0 |   .   | 08:00:27:77:b6:8d |Reached target System Initialization.

[   19.141542] cloud-init[1045]: ci-info: | enp0s8 | True | fe80::a00:27ff:fe77:b68d/64 |       .       |  link | 08:00:27:77:b6:8d |
[   19.473158] [cloud-init[0;32m  OK  [0m[1045]: ] ci-info: |   lo   | True |          127.0.0.1          |   255.0.0.0   |   .   |         .         |Started Timer to automatically refresh installed snaps.

[[0;32m  OK  [0m] Listening on UUID daemon activation socket.
[[0;32m  OK  [0m] Started Daily apt download activities.
[[0;32m  OK  [0m] Listening on ACPID Listen Socket.
[   19.473594] cloud-init[1045]: ci-info: |   lo   | True |           ::1/128           |       .       |  host |         .         |
[   19.740688] [cloud-init[0;32m  OK  [0m[1045]: ] ci-info: +--------+------+-----------------------------+---------------+-------+-------------------+Started ACPI Events Check.

[   19.741868] [cloud-init[0;32m  OK  [0m[1045]: ] ci-info: ++++++++++++++++++++++++++++Route IPv4 info++++++++++++++++++++++++++++Reached target Paths.

[   19.889286] [cloud-init[0;32m  OK  [0m[1045]: ] ci-info: +-------+--------------+----------+---------------+-----------+-------+Started Daily apt upgrade and clean activities.

[   20.172700] [[0;32m  OK  [0m] Started Daily Cleanup of Temporary Directories.
[[0;32m  OK  [0m] Started Clean PHP session files every 30 mins.
[[0;32m  OK  [0m] Reached target Timers.
cloud-init[1045]: ci-info: | Route | Destination  | Gateway  |    Genmask    | Interface | Flags |
[   20.432838] [cloud-init[0;32m  OK  [0m[1045]: ] ci-info: +-------+--------------+----------+---------------+-----------+-------+Listening on D-Bus System Message Bus Socket.

[   20.433889]          Starting LXD - unix socket.
         Starting Socket activation for snappy daemon.
[[0;32m  OK  [0m] Reached target Cloud-config availability.
cloud-init[1045]: ci-info: |   0   |   0.0.0.0    | 10.0.2.2 |    0.0.0.0    |   enp0s3  |   UG  |
[   20.768660] cloud-init[1045]: ci-info: |   1   |   10.0.2.0   | 0.0.0.0  | 255.255.255.0 |   enp0s3  |   U   |
[   20.769353] cloud-init[1045]: ci-info: |   2   | 192.168.56.0 | 0.0.0.0  | 255.255.255.0 |   enp0s8  |   U   |
[   20.769545] cloud-init[1045]: ci-info: +-------+--------------+----------+---------------+-----------+-------+
[[0;32m  OK  [0m] Listening on LXD - unix socket.
[[0;32m  OK  [0m] Listening on Socket activation for snappy daemon.
[[0;32m  OK  [0m] Started iSCSI initiator daemon (iscsid).
         Starting Login to default iSCSI targets...
[[0;32m  OK  [0m] Reached target Sockets.
[[0;32m  OK  [0m] Reached target Basic System.
[[0;32m  OK  [0m] Started ACPI event daemon.
         Starting Accounts Service...
[[0;32m  OK  [0m] Started D-Bus System Message Bus.
         Starting vboxadd.service...
         Starting LXD - container startup/shutdown...
         Starting LSB: MD monitoring daemon...
         Starting LSB: Record successful boot for GRUB...
         Starting OpenBSD Secure Shell server...
         Starting Login Service...
         Starting vboxadd-x11.service...
[[0;32m  OK  [0m] Started Unattended Upgrades Shutdown.
         Starting Apply the settings specified in cloud-config...
         Starting Snappy daemon...
         Starting /etc/rc.local Compatibility...
[[0;32m  OK  [0m] Started FUSE filesystem for LXC.
[[0;32m  OK  [0m] Started Deferred execution scheduler.
         Starting MySQL Community Server...
[[0;32m  OK  [0m] Started Regular background program processing daemon.
         Starting System Logging Service...
[[0;32m  OK  [0m] Started OpenBSD Secure Shell server.
[[0;32m  OK  [0m] Started System Logging Service.
[[0;32m  OK  [0m] Started vboxadd.service.
[[0;32m  OK  [0m] Started LXD - container startup/shutdown.
[[0;32m  OK  [0m] Started vboxadd-x11.service.
[[0;32m  OK  [0m] Started /etc/rc.local Compatibility.
[[0;32m  OK  [0m] Started Snappy daemon.
[[0;32m  OK  [0m] Started Login to default iSCSI targets.
[[0;32m  OK  [0m] Started LSB: MD monitoring daemon.
[[0;32m  OK  [0m] Started LSB: Record successful boot for GRUB.
         Starting Authenticate and Authorize Users to Run Privileged Tasks...
[[0;32m  OK  [0m] Reached target Remote File Systems (Pre).
[[0;32m  OK  [0m] Reached target Remote File Systems.
         Starting LSB: daemon to balance interrupts for SMP systems...
         Starting LSB: automatic crash report generation...
         Starting LSB: Apache2 web server...
         Starting LSB: Set the CPU Frequency Scaling governor to "ondemand"...
         Starting Permit User Sessions...
         Starting vboxadd-service.service...
[[0;32m  OK  [0m] Started Permit User Sessions.
[[0;32m  OK  [0m] Started Login Service.
[[0;32m  OK  [0m] Started Authenticate and Authorize Users to Run Privileged Tasks.
[[0;32m  OK  [0m] Started vboxadd-service.service.
[[0;32m  OK  [0m] Started Accounts Service.
[[0;32m  OK  [0m] Started LSB: automatic crash report generation.
         Starting Hold until boot process finishes up...
         Starting Terminate Plymouth Boot Screen...
[[0;32m  OK  [0m] Started LSB: daemon to balance interrupts for SMP systems.
[[0;32m  OK  [0m] Started LSB: Set the CPU Frequency Scaling governor to "ondemand".
[[0;32m  OK  [0m] Started Hold until boot process finishes up.
[[0;32m  OK  [0m] Started Terminate Plymouth Boot Screen.
[[0;32m  OK  [0m] Started Getty on tty1.
[[0;32m  OK  [0m] Started Serial Getty on ttyS0.
[[0;32m  OK  [0m] Reached target Login Prompts.
         Starting Set console scheme...
[[0;32m  OK  [0m] Started Set console scheme.
[   22.318454] cloud-init[1189]: Cloud-init v. 17.2 running 'modules:config' at Tue, 20 Mar 2018 01:02:20 +0000. Up 22.04 seconds.
[[0;32m  OK  [0m] Started Apply the settings specified in cloud-config.
[[0;32m  OK  [0m] Started MySQL Community Server.
[[0;32m  OK  [0m] Started LSB: Apache2 web server.
[[0;32m  OK  [0m] Reached target Multi-User System.
         Starting Execute cloud user/final scripts...
[[0;32m  OK  [0m] Reached target Graphical Interface.
         Starting Update UTMP about System Runlevel Changes...
[[0;32m  OK  [0m] Started Update UTMP about System Runlevel Changes.
[   23.917910] cloud-init[1419]: Cloud-init v. 17.2 running 'modules:final' at Tue, 20 Mar 2018 01:02:22 +0000. Up 23.78 seconds.
[[0;32m  OK  [0m] Started Execute cloud user/final scripts.[   23.993839] cloud-init[1419]: Cloud-init v. 17.2 finished at Tue, 20 Mar 2018 01:02:22 +0000. Datasource DataSourceNoCloud [seed=/dev/sdb][dsmode=net].  Up 23.91 seconds

[[0;32m  OK  [0m] Reached target Cloud-init target.

Ubuntu 16.04.4 LTS ReactLumen ttyS0

ReactLumen login: [[0;32m  OK  [0m] Stopped target Graphical Interface.
[[0;32m  OK  [0m] Closed Load/Save RF Kill Switch Status /dev/rfkill Watch.
         Stopping User Manager for UID 1000...
[[0;32m  OK  [0m] Stopped target Timers.
         Stopping Authenticate and Authorize Users to Run Privileged Tasks...
         Stopping Accounts Service...
[[0;32m  OK  [0m] Stopped Daily apt upgrade and clean activities.
[[0;32m  OK  [0m] Stopped Daily apt download activities.
         Stopping ACPI event daemon...
[[0;32m  OK  [0m] Stopped Clean PHP session files every 30 mins.
         Stopping Sn[[0;32m  OK  [0m] Unmounted /var/lib/lxcfs.
[[0;32m  OK  [0m] Stopped Accounts Service.
[[0;32m  OK  [0m] Stopped OpenBSD Secure Shell server.
[[0;32m  OK  [0m] Stopped ACPI event daemon.
[[0;32m  OK  [0m] Stopped Snappy daemon.
[[0;32m  OK  [0m] Stopped Deferred execution scheduler.
[[0;32m  OK  [0m] Stopped Regular background program processing daemon.
[[0;32m  OK  [0m] Stopped System Logging Service.
[[0;32m  OK  [0m] Stopped Authenticate and Authorize Users to Run Privileged Tasks.
[[0;32m  OK  [0m] Stopped Getty on tty1.
[[0;32m  OK  [0m] Stopped Serial Getty on ttyS0.
[[0;32m  OK  [0m] Stopped User Manager for UID 1000.
[[0;32m  OK  [0m] Stopped Session 5 of user vagrant.
[[0;32m  OK  [0m] Stopped D-Bus System Message Bus.
[[0;32m  OK  [0m] Stopped FUSE filesystem for LXC.
[[0;32m  OK  [0m] Stopped Unattended Upgrades Shutdown.
[[0;32m  OK  [0m] Stopped vboxadd-x11.service.
[[0;32m  OK  [0m] Stopped LSB: daemon to balance interrupts for SMP systems.
[[0;32m  OK  [0m] Stopped LXD - container startup/shutdown.
[[0;32m  OK  [0m] Stopped LSB: Set the CPU Frequency Scaling governor to "ondemand".
[[0;32m  OK  [0m] Stopped LSB: MD monitoring daemon.
[[0;32m  OK  [0m] Stopped LSB: Record successful boot for GRUB.
[[0;32m  OK  [0m] Stopped LSB: automatic crash report generation.
[[0;32m  OK  [0m] Removed slice User Slice of vagrant.
         Stopping Login Service...
[[0;32m  OK  [0m] Removed slice system-serial\x2dgetty.slice.
         Stopping Permit User Sessions...
[[0;32m  OK  [0m] Stopped /etc/rc.local Compatibility.
[[0;32m  OK  [0m] Removed slice system-getty.slice.
[[0;32m  OK  [0m] Stopped Permit User Sessions.
[[0;32m  OK  [0m] Stopped Login Service.
[[0;32m  OK  [0m] Stopped target User and Group Name Lookups.
[[0;32m  OK  [0m] Stopped vboxadd-service.service.
         Stopping vboxadd.service...
[[0;32m  OK  [0m] Unmounted /workspace.
[[0;32m  OK  [0m] Unmounted /vagrant.
[[0;32m  OK  [0m] Stopped vboxadd.service.
[[0;32m  OK  [0m] Stopped LSB: Apache2 web server.
[[0;32m  OK  [0m] Stopped target Remote File Systems.
[[0;32m  OK  [0m] Stopped target Remote File Systems (Pre).
         Stopping Login to default iSCSI targets...
[[0;32m  OK  [0m] Stopped Login to default iSCSI targets.
         Stopping iSCSI initiator daemon (iscsid)...
[[0;32m  OK  [0m] Stopped MySQL Community Server.
[[0;32m  OK  [0m] Stopped iSCSI initiator daemon (iscsid).
[[0;32m  OK  [0m] Stopped target Network is Online.
[[0;32m  OK  [0m] Stopped target Basic System.
[[0;32m  OK  [0m] Stopped target Paths.
[[0;32m  OK  [0m] Stopped Dispatch Password Requests to Console Directory Watch.
[[0;32m  OK  [0m] Stopped ACPI Events Check.
[[0;32m  OK  [0m] Stopped Forward Password Requests to Wall Directory Watch.
[[0;32m  OK  [0m] Stopped target Slices.
[[0;32m  OK  [0m] Removed slice User and Session Slice.
[[0;32m  OK  [0m] Stopped target Sockets.
[[0;32m  OK  [0m] Closed LXD - unix socket.
[[0;32m  OK  [0m] Closed D-Bus System Message Bus Socket.
[[0;32m  OK  [0m] Closed Syslog Socket.
[[0;32m  OK  [0m] Closed Socket activation for snappy daemon.
[[0;32m  OK  [0m] Closed ACPID Listen Socket.
[[0;32m  OK  [0m] Closed UUID daemon activation socket.
[[0;32m  OK  [0m] Stopped target System Initialization.
         Stopping Update UTMP about System Boot/Shutdown...
[[0;32m  OK  [0m] Stopped target Swap.
[[0;32m  OK  [0m] Stopped Initial cloud-init job (metadata service crawler).
[[0;32m  OK  [0m] Stopped target Encrypted Volumes.
         Stopping Load/Save Random Seed...
[[0;32m  OK  [0m] Stopped target Network.
         Stopping Raise network interfaces...
[[0;32m  OK  [0m] Stopped Load/Save Random Seed.
[[0;32m  OK  [0m] Stopped Update UTMP about System Boot/Shutdown.
[[0;32m  OK  [0m] Stopped Create Volatile Files and Directories.
[[0;32m  OK  [0m] Stopped Raise network interfaces.
[[0;32m  OK  [0m] Stopped target Network (Pre).
[[0;32m  OK  [0m] Stopped Initial cloud-init job (pre-networking).
[[0;32m  OK  [0m] Stopped target Local File Systems.
         Unmounting /run/user/1000...
[[0;32m  OK  [0m] Stopped Apply Kernel Variables.
[[0;32m  OK  [0m] Stopped Load Kernel Modules.
[[0;32m  OK  [0m] Unmounted /run/user/1000.
[[0;32m  OK  [0m] Reached target Unmount All Filesystems.
[[0;32m  OK  [0m] Stopped target Local File Systems (Pre).
[[0;32m  OK  [0m] Stopped Remount Root and Kernel File Systems.
         Stopping Monitoring of LVM2 mirrors... dmeventd or progress polling...
[[0;32m  OK  [0m] Stopped Create Static Device Nodes in /dev.
[[0;32m  OK  [0m] Reached target Shutdown.
[ 2677.246073] reboot: Power down
